
   INFO  Server running on [http://127.0.0.1:8000].  

  Press Ctrl+C to stop the server

  2026-05-14 00:50:57 ...................................................................................... ~ 1.40ms
  2026-05-14 00:51:26 /login ................................................................................... ~ 3s
  2026-05-14 00:51:29 ...................................................................................... ~ 1.30ms
  2026-05-14 00:51:55 /login ............................................................................. ~ 504.72ms
  2026-05-14 00:51:56 /login ................................................................................... ~ 2s
  2026-05-14 00:51:58 /dashboard ............................................................................... ~ 2s
  2026-05-14 00:52:28 ...................................................................................... ~ 0.63ms
  2026-05-14 01:58:21 / ........................................................................................ ~ 1s
  2026-05-14 01:58:22 /dashboard ........................................................................... ~ 0.38ms
  2026-05-14 01:58:23 /login ............................................................................. ~ 501.12ms
  2026-05-14 01:58:32 /login ................................................................................... ~ 1s
  2026-05-14 01:58:33 /dashboard ......................................................................... ~ 510.06ms
  2026-05-14 01:58:52 /notifications ........................................................................... ~ 1s
  2026-05-14 01:58:58 /carriers ................................................................................ ~ 7s
  2026-05-14 01:59:06 /carriers ................................................................................ ~ 1s
  2026-05-14 01:59:06 /users ............................................................................... ~ 2s
  2026-05-14 02:00:37 / .................................................................................. ~ 516.20ms
  2026-05-14 02:00:37 /dashboard ........................................................................... ~ 0.23ms
  2026-05-14 02:00:37 /build/assets/app-Bo-0Y4AO.css ....................................................... ~ 2.40ms
  2026-05-14 02:00:37 /build/assets/app-Chp6bDyy.js ........................................................ ~ 4.27ms
  2026-05-14 02:00:41 /shipments ............................................................................... ~ 1s
  2026-05-14 02:16:14 /login ................................................................................... ~ 1s
  2026-05-14 02:16:14 /track ................................................................................... ~ 2s
  2026-05-14 02:16:36 /login ................................................................................... ~ 1s
  2026-05-14 02:16:37 /login ................................................................................... ~ 1s
  2026-05-14 02:16:38 /dashboard ............................................................................... ~ 8s
  2026-05-14 02:16:46 /shipments ............................................................................... ~ 2s
  2026-05-14 02:16:49 /users ............................................................................... ~ 2s
  2026-05-14 02:16:51 /carriers ................................................................................ ~ 2s
  2026-05-14 02:16:53 /tracking/live-map ....................................................................... ~ 1s
  2026-05-14 02:16:54 /notifications ..................................................................... ~ 509.76ms
  2026-05-14 02:16:54 /track/IND260513DZ1OYO ................................................................... ~ 1s
  2026-05-14 02:18:15 /login ................................................................................... ~ 1s
  2026-05-14 02:18:16 /login ................................................................................... ~ 1s
  2026-05-14 02:18:17 /dashboard ............................................................................... ~ 2s
  2026-05-14 02:18:19 /shipments ............................................................................... ~ 1s
  2026-05-14 02:18:21 /users ............................................................................... ~ 1s
  2026-05-14 02:18:22 /carriers .......................................................................... ~ 508.46ms
  2026-05-14 02:18:23 /tracking/live-map ................................................................. ~ 508.75ms
  2026-05-14 02:18:23 /notifications ........................................................................... ~ 1s
  2026-05-14 02:18:24 /track/IND260513DZ1OYO ............................................................. ~ 506.63ms
  2026-05-14 02:19:53 /login ............................................................................. ~ 518.73ms
  2026-05-14 02:19:54 /login ................................................................................... ~ 1s
  2026-05-14 02:19:55 /dashboard ............................................................................... ~ 2s
  2026-05-14 02:19:57 /shipments ............................................................................... ~ 1s
  2026-05-14 02:19:59 /users ............................................................................... ~ 1s
  2026-05-14 02:20:00 /carriers .......................................................................... ~ 511.03ms
  2026-05-14 02:20:01 /tracking/live-map ................................................................. ~ 508.21ms
  2026-05-14 02:20:01 /notifications ........................................................................... ~ 1s
  2026-05-14 02:20:02 /track ............................................................................. ~ 505.86ms
  2026-05-14 02:20:03 /track/IND260513DZ1OYO ............................................................. ~ 505.53ms
  2026-05-14 02:20:03 /track ............................................................................. ~ 517.26ms
  2026-05-14 02:20:04 /track ................................................................................... ~ 1s
  2026-05-14 02:20:20 /track ............................................................................. ~ 515.90ms
  2026-05-14 02:20:20 /track ............................................................................. ~ 507.52ms
  2026-05-14 02:20:21 /track/IND260513DZ1OYO ............................................................. ~ 536.27ms
  2026-05-14 02:22:00 / ........................................................................................ ~ 1s
  2026-05-14 02:22:01 /dashboard ............................................................................... ~ 1s
  2026-05-14 02:22:02 /build/assets/app-DZeI3KQg.css ....................................................... ~ 0.39ms
  2026-05-14 02:22:02 /build/assets/app-Chp6bDyy.js ........................................................ ~ 3.17ms
  2026-05-14 02:22:12 /track ................................................................................... ~ 1s
  2026-05-14 02:22:12 /build/assets/app-DZeI3KQg.css ....................................................... ~ 0.70ms
  2026-05-14 02:22:12 /build/assets/app-Chp6bDyy.js ........................................................ ~ 4.33ms
  2026-05-14 02:22:18 /login ............................................................................. ~ 515.80ms
  2026-05-14 02:22:18 /dashboard ......................................................................... ~ 515.65ms
  2026-05-14 02:22:19 /build/assets/app-DZeI3KQg.css ....................................................... ~ 0.83ms
  2026-05-14 02:22:19 /build/assets/app-Chp6bDyy.js ........................................................ ~ 6.02ms
  2026-05-14 19:28:09 /tracking/live-map ...................................................................... ~ 41s
  2026-05-14 19:28:50 /build/assets/app-DZeI3KQg.css ..................................................... ~ 508.57ms
  2026-05-14 19:28:50 /build/assets/app-Chp6bDyy.js ...................................................... ~ 515.41ms
  2026-05-14 19:28:50 /tracking/active-shipments ............................................................... ~ 4s
  2026-05-14 19:29:06 /tracking/active-shipments ............................................................... ~ 2s
  2026-05-14 19:29:20 /tracking/active-shipments ............................................................... ~ 1s
  2026-05-14 19:29:36 /tracking/active-shipments ............................................................... ~ 3s
  2026-05-14 19:29:50 /tracking/active-shipments ............................................................... ~ 1s
  2026-05-14 19:30:05 /tracking/active-shipments ......................................................... ~ 517.57ms
  2026-05-14 19:30:20 /tracking/active-shipments ............................................................... ~ 1s
  2026-05-14 19:30:35 /tracking/active-shipments .............................................................. ~ 13s
  2026-05-14 19:30:50 /tracking/active-shipments ........................................................... ~ 0.67ms
  2026-05-14 19:31:05 /tracking/active-shipments ......................................................... ~ 513.37ms
  2026-05-14 19:31:21 /tracking/active-shipments ......................................................... ~ 512.14ms
  2026-05-14 19:31:36 /tracking/active-shipments ........................................................... ~ 0.54ms
  2026-05-14 19:31:50 /tracking/active-shipments ......................................................... ~ 510.42ms
  2026-05-14 19:32:05 /tracking/active-shipments ......................................................... ~ 501.05ms
  2026-05-14 19:32:20 /tracking/active-shipments ......................................................... ~ 511.85ms
  2026-05-14 19:32:35 /tracking/active-shipments ......................................................... ~ 514.41ms
  2026-05-14 19:32:50 /tracking/active-shipments ........................................................... ~ 3.07ms
  2026-05-14 19:33:09 /tracking/active-shipments ............................................................... ~ 1s
  2026-05-14 19:33:20 /tracking/active-shipments ............................................................... ~ 1s
  2026-05-14 19:33:36 /tracking/active-shipments ........................................................... ~ 0.50ms
  2026-05-14 19:33:50 /tracking/active-shipments ......................................................... ~ 513.12ms
  2026-05-14 19:34:06 /tracking/active-shipments ......................................................... ~ 511.05ms
  2026-05-14 19:34:20 /tracking/active-shipments ........................................................... ~ 0.49ms
  2026-05-14 19:34:35 /tracking/active-shipments ......................................................... ~ 512.86ms
  2026-05-14 19:34:51 /tracking/active-shipments ......................................................... ~ 514.46ms
  2026-05-14 19:35:05 /tracking/active-shipments ......................................................... ~ 512.86ms
  2026-05-14 19:35:21 /tracking/active-shipments ......................................................... ~ 512.84ms
  2026-05-14 19:35:35 /tracking/active-shipments ......................................................... ~ 511.01ms
  2026-05-14 19:35:50 /tracking/active-shipments ......................................................... ~ 513.14ms
  2026-05-14 19:36:06 /tracking/active-shipments ......................................................... ~ 514.38ms
  2026-05-14 19:36:20 /tracking/active-shipments ........................................................... ~ 0.49ms
  2026-05-14 19:36:35 /tracking/active-shipments ......................................................... ~ 512.09ms
  2026-05-14 19:36:51 /tracking/active-shipments ......................................................... ~ 510.40ms
  2026-05-14 19:37:05 /tracking/active-shipments ......................................................... ~ 512.34ms
  2026-05-14 19:37:20 /tracking/active-shipments ......................................................... ~ 514.34ms
  2026-05-14 19:37:35 /tracking/active-shipments ......................................................... ~ 513.29ms
  2026-05-14 19:37:50 /tracking/active-shipments ........................................................... ~ 0.32ms
  2026-05-14 19:38:05 /tracking/active-shipments ......................................................... ~ 509.33ms
  2026-05-14 19:38:20 /tracking/active-shipments ......................................................... ~ 500.72ms
  2026-05-14 19:38:35 /tracking/active-shipments ......................................................... ~ 514.40ms
  2026-05-14 19:38:50 /tracking/active-shipments ......................................................... ~ 510.56ms
  2026-05-14 19:39:05 /tracking/active-shipments ............................................................... ~ 1s
  2026-05-14 19:39:20 /tracking/active-shipments ......................................................... ~ 512.31ms
  2026-05-14 19:39:35 /tracking/active-shipments ......................................................... ~ 511.20ms
  2026-05-14 19:39:50 /tracking/active-shipments ............................................................... ~ 1s
  2026-05-14 19:40:05 /tracking/active-shipments ......................................................... ~ 514.25ms
  2026-05-14 19:40:20 /tracking/active-shipments ......................................................... ~ 511.42ms
  2026-05-14 19:40:35 /tracking/active-shipments ......................................................... ~ 513.88ms
  2026-05-14 19:40:50 /tracking/active-shipments ........................................................... ~ 0.39ms
  2026-05-14 19:41:05 /tracking/active-shipments ......................................................... ~ 510.90ms
  2026-05-14 19:41:21 /tracking/active-shipments ......................................................... ~ 506.97ms
  2026-05-14 19:41:35 /tracking/active-shipments ............................................................... ~ 1s
  2026-05-14 19:41:50 /tracking/active-shipments ......................................................... ~ 511.22ms
  2026-05-14 19:42:05 /tracking/active-shipments ......................................................... ~ 515.02ms
  2026-05-14 19:42:20 /tracking/active-shipments ........................................................... ~ 0.62ms
  2026-05-14 19:42:35 /tracking/active-shipments ........................................................... ~ 0.37ms
  2026-05-14 19:42:51 /tracking/active-shipments ......................................................... ~ 513.23ms
  2026-05-14 19:43:05 /tracking/active-shipments ........................................................... ~ 0.49ms
  2026-05-14 19:43:20 /tracking/active-shipments ........................................................... ~ 0.70ms
  2026-05-14 19:43:35 /tracking/active-shipments ......................................................... ~ 514.22ms
  2026-05-14 19:43:51 /tracking/active-shipments ........................................................... ~ 0.58ms
  2026-05-14 19:44:06 /tracking/active-shipments ......................................................... ~ 508.92ms
  2026-05-14 19:44:20 /tracking/active-shipments ......................................................... ~ 516.02ms
  2026-05-14 19:44:35 /tracking/active-shipments ........................................................... ~ 0.68ms
  2026-05-14 19:44:51 /tracking/active-shipments ......................................................... ~ 510.28ms
  2026-05-14 19:45:05 /tracking/active-shipments ......................................................... ~ 510.09ms
  2026-05-14 19:45:21 /tracking/active-shipments ........................................................... ~ 0.50ms
  2026-05-14 19:45:36 /tracking/active-shipments ......................................................... ~ 511.09ms
  2026-05-14 19:45:51 /tracking/active-shipments ......................................................... ~ 513.46ms
  2026-05-14 19:46:06 /tracking/active-shipments ........................................................... ~ 0.50ms
  2026-05-14 19:46:20 /tracking/active-shipments ......................................................... ~ 513.55ms
  2026-05-14 19:46:35 /tracking/active-shipments ......................................................... ~ 512.57ms
  2026-05-14 19:46:50 /tracking/active-shipments ........................................................... ~ 0.58ms
  2026-05-14 19:47:05 /tracking/active-shipments ......................................................... ~ 501.17ms
  2026-05-14 19:47:20 /tracking/active-shipments ........................................................... ~ 0.86ms
  2026-05-14 19:47:35 /tracking/active-shipments ......................................................... ~ 508.60ms
  2026-05-14 19:47:50 /tracking/active-shipments ......................................................... ~ 510.71ms
  2026-05-14 19:48:05 /tracking/active-shipments ......................................................... ~ 502.85ms
  2026-05-14 19:48:20 /tracking/active-shipments ......................................................... ~ 505.34ms
  2026-05-14 19:48:36 /tracking/active-shipments ......................................................... ~ 506.44ms
  2026-05-14 19:48:51 /tracking/active-shipments ......................................................... ~ 507.98ms
  2026-05-14 19:49:05 /tracking/active-shipments ......................................................... ~ 508.80ms
  2026-05-14 19:49:21 /tracking/active-shipments ........................................................... ~ 0.65ms
  2026-05-14 19:49:35 /tracking/active-shipments ......................................................... ~ 509.51ms
  2026-05-14 19:49:50 /tracking/active-shipments ........................................................... ~ 0.51ms
  2026-05-14 19:50:06 /tracking/active-shipments ......................................................... ~ 509.17ms
  2026-05-14 19:50:20 /tracking/active-shipments ........................................................... ~ 0.85ms
  2026-05-14 19:50:35 /tracking/active-shipments ......................................................... ~ 515.84ms
  2026-05-14 19:50:50 /tracking/active-shipments ......................................................... ~ 512.72ms
  2026-05-14 19:51:05 /tracking/active-shipments ........................................................... ~ 1.01ms
  2026-05-14 19:51:20 /tracking/active-shipments ........................................................... ~ 0.85ms
  2026-05-14 19:51:35 /tracking/active-shipments ......................................................... ~ 513.40ms
  2026-05-14 19:51:50 /tracking/active-shipments ........................................................... ~ 0.64ms
  2026-05-14 19:52:05 /tracking/active-shipments ......................................................... ~ 510.66ms
  2026-05-14 19:52:20 /tracking/active-shipments ......................................................... ~ 516.12ms
  2026-05-14 19:52:35 /tracking/active-shipments ........................................................... ~ 0.64ms
  2026-05-14 19:52:51 /tracking/active-shipments ......................................................... ~ 510.45ms
  2026-05-14 19:53:05 /tracking/active-shipments ......................................................... ~ 510.17ms
  2026-05-14 19:53:21 /tracking/active-shipments ........................................................... ~ 0.71ms
  2026-05-14 19:53:35 /tracking/active-shipments ......................................................... ~ 513.05ms
  2026-05-14 19:53:51 /tracking/active-shipments ............................................................... ~ 1s
  2026-05-14 19:54:05 /tracking/active-shipments ......................................................... ~ 512.38ms
  2026-05-14 19:54:22 /tracking/active-shipments ......................................................... ~ 511.03ms
  2026-05-14 19:54:38 /tracking/active-shipments ........................................................... ~ 0.65ms
  2026-05-14 19:54:51 /tracking/active-shipments ......................................................... ~ 512.07ms
  2026-05-14 19:55:06 /tracking/active-shipments ........................................................... ~ 0.56ms
  2026-05-14 19:55:20 /tracking/active-shipments ........................................................... ~ 0.76ms
  2026-05-14 19:55:36 /tracking/active-shipments ......................................................... ~ 516.54ms
  2026-05-14 19:55:50 /tracking/active-shipments ......................................................... ~ 508.94ms
  2026-05-14 19:56:05 /tracking/active-shipments ......................................................... ~ 514.43ms
  2026-05-14 19:56:20 /tracking/active-shipments ......................................................... ~ 514.60ms
  2026-05-14 19:56:35 /tracking/active-shipments ......................................................... ~ 508.80ms
  2026-05-14 19:56:50 /tracking/active-shipments ......................................................... ~ 511.10ms
  2026-05-14 19:57:06 /tracking/active-shipments ......................................................... ~ 515.54ms
  2026-05-14 19:57:21 /tracking/active-shipments ........................................................... ~ 0.59ms
  2026-05-14 19:57:35 /tracking/active-shipments ........................................................... ~ 9.63ms
  2026-05-14 19:57:50 /tracking/active-shipments ......................................................... ~ 513.15ms
  2026-05-14 19:58:05 /tracking/active-shipments ........................................................... ~ 0.78ms
  2026-05-14 19:58:20 /tracking/active-shipments ........................................................... ~ 0.59ms
  2026-05-14 19:58:36 /tracking/active-shipments ......................................................... ~ 511.46ms
  2026-05-14 19:58:50 /tracking/active-shipments ........................................................... ~ 0.96ms
  2026-05-14 19:59:05 /tracking/active-shipments ........................................................... ~ 0.85ms
  2026-05-14 19:59:21 /tracking/active-shipments ......................................................... ~ 511.19ms
  2026-05-14 19:59:36 /tracking/active-shipments ......................................................... ~ 508.62ms
  2026-05-14 19:59:50 /tracking/active-shipments ........................................................... ~ 1.44ms
  2026-05-14 20:00:05 /tracking/active-shipments ......................................................... ~ 513.58ms
  2026-05-14 20:00:20 /tracking/active-shipments ......................................................... ~ 512.14ms
  2026-05-14 20:00:35 /tracking/active-shipments ........................................................... ~ 0.59ms
  2026-05-14 20:00:51 /tracking/active-shipments ......................................................... ~ 515.50ms
  2026-05-14 20:01:06 /tracking/active-shipments ......................................................... ~ 511.31ms
  2026-05-14 20:01:21 /tracking/active-shipments ........................................................... ~ 0.45ms
  2026-05-14 20:01:36 /tracking/active-shipments ......................................................... ~ 513.58ms
  2026-05-14 20:01:50 /tracking/active-shipments ......................................................... ~ 515.01ms
  2026-05-14 20:02:05 /tracking/active-shipments ........................................................... ~ 0.56ms
  2026-05-14 20:02:20 /tracking/active-shipments ......................................................... ~ 515.42ms
  2026-05-14 20:02:35 /tracking/active-shipments ......................................................... ~ 521.40ms
  2026-05-14 20:02:51 /tracking/active-shipments ........................................................... ~ 1.18ms
  2026-05-14 20:03:05 /tracking/active-shipments ......................................................... ~ 512.76ms
  2026-05-14 20:03:20 /tracking/active-shipments ......................................................... ~ 511.25ms
  2026-05-14 20:03:35 /tracking/active-shipments ........................................................... ~ 0.54ms
  2026-05-14 20:03:50 /tracking/active-shipments ......................................................... ~ 511.39ms
  2026-05-14 20:04:06 /tracking/active-shipments ......................................................... ~ 515.28ms
  2026-05-14 20:04:21 /tracking/active-shipments ........................................................... ~ 0.46ms
  2026-05-14 20:04:35 /tracking/active-shipments ......................................................... ~ 511.45ms
  2026-05-14 20:04:50 /tracking/active-shipments ......................................................... ~ 515.91ms
  2026-05-14 20:05:05 /tracking/active-shipments ........................................................... ~ 0.77ms
  2026-05-14 20:05:20 /tracking/active-shipments ......................................................... ~ 509.93ms
  2026-05-14 20:05:36 /tracking/active-shipments ........................................................... ~ 0.86ms
  2026-05-14 20:05:50 /tracking/active-shipments ......................................................... ~ 514.67ms
  2026-05-14 20:06:05 /tracking/active-shipments ......................................................... ~ 507.68ms
  2026-05-14 20:06:20 /tracking/active-shipments ........................................................... ~ 0.45ms
  2026-05-14 20:06:36 /tracking/active-shipments ......................................................... ~ 513.88ms
  2026-05-14 20:06:50 /tracking/active-shipments ......................................................... ~ 509.02ms
  2026-05-14 20:07:05 /tracking/active-shipments ........................................................... ~ 0.57ms
  2026-05-14 20:07:20 /tracking/active-shipments ......................................................... ~ 511.18ms
  2026-05-14 20:07:35 /tracking/active-shipments ........................................................... ~ 0.59ms
  2026-05-14 20:07:50 /tracking/active-shipments ........................................................... ~ 0.41ms
  2026-05-14 20:08:05 /tracking/active-shipments ......................................................... ~ 510.45ms
  2026-05-14 20:08:21 /tracking/active-shipments ........................................................... ~ 0.59ms
  2026-05-14 20:08:35 /tracking/active-shipments ........................................................... ~ 0.66ms
  2026-05-14 20:08:50 /tracking/active-shipments ......................................................... ~ 501.13ms
  2026-05-14 20:09:05 /tracking/active-shipments ......................................................... ~ 512.78ms
  2026-05-14 20:09:20 /tracking/active-shipments ........................................................... ~ 0.60ms
  2026-05-14 20:09:35 /tracking/active-shipments ......................................................... ~ 512.81ms
  2026-05-14 20:09:36 /dashboard ............................................................................... ~ 3s
  2026-05-14 20:09:39 /build/assets/app-DZeI3KQg.css ....................................................... ~ 0.36ms
  2026-05-14 20:09:39 /build/assets/app-Chp6bDyy.js ........................................................ ~ 2.45ms
